<?xml version="1.0" encoding="UTF-8"?>
<!-- Generated by org.testng.reporters.JUnitXMLReporter -->
<testsuite ignored="1" hostname="DESKTOP-BR3APVB" failures="1" tests="2" name="Test" time="28.674" errors="0" timestamp="2021-12-04T09:37:25 IST">
  <testcase classname="testcases.LoginPageTestCases" name="HRM_LoginPage_VerifyLoginWithValidCredentials" time="0.085">
    <failure type="java.lang.AssertionError" message="LoginFailed..! expected [XYZDashboard] but found [Dashboard]">
      <![CDATA[java.lang.AssertionError: LoginFailed..! expected [XYZDashboard] but found [Dashboard]
at testcases.LoginPageTestCases.HRM_LoginPage_VerifyLoginWithValidCredentials(LoginPageTestCases.java:18)
at java.base/java.util.ArrayList.forEach(ArrayList.java:1541)
... Removed 32 stack frames]]>
    </failure>
  </testcase> <!-- HRM_LoginPage_VerifyLoginWithValidCredentials -->
  <testcase classname="testcases.SystemUsersTestCases" name="verifySystemUsersPage" time="1.75"/>
  <testcase classname="testcases.LoginPageTestCases" name="HRM_LoginPage_VerifyLoginWithInvalidCredentials" time="0.0">
    <ignored/>
  </testcase> <!-- HRM_LoginPage_VerifyLoginWithInvalidCredentials -->
</testsuite> <!-- Test -->
