-------------------------------------------------------------------------------
Test set: TestSuite
-------------------------------------------------------------------------------
Tests run: 2, Failures: 1, Errors: 0, Skipped: 0, Time elapsed: 31.274 s <<< FAILURE! - in TestSuite
testcases.LoginPageTestCases.HRM_LoginPage_VerifyLoginWithValidCredentials  Time elapsed: 0.364 s  <<< FAILURE!
java.lang.AssertionError: LoginFailed..! expected [XYZDashboard] but found [Dashboard]
	at testcases.LoginPageTestCases.HRM_LoginPage_VerifyLoginWithValidCredentials(LoginPageTestCases.java:18)

