<?xml version="1.0" encoding="UTF-8"?>
<testsuite xmlns:xsi="http://www.w3.org/2001/XMLSchema-instance" xsi:noNamespaceSchemaLocation="https://maven.apache.org/surefire/maven-surefire-plugin/xsd/surefire-test-report-3.0.xsd" version="3.0" name="TestSuite" time="31.274" tests="2" errors="0" skipped="0" failures="1">
  <properties>
[...]
</properties>
  <testcase name="HRM_LoginPage_VerifyLoginWithValidCredentials" classname="testcases.LoginPageTestCases" time="0.364">
    <failure message="LoginFailed..! expected [XYZDashboard] but found [Dashboard]" type="java.lang.AssertionError"><![CDATA[java.lang.AssertionError: LoginFailed..! expected [XYZDashboard] but found [Dashboard]
	at testcases.LoginPageTestCases.HRM_LoginPage_VerifyLoginWithValidCredentials(LoginPageTestCases.java:18)
]]></failure>
    <system-out><![CDATA[This is the Onstart method of TestNg Listener
12-04-2021 09:57:56 TestBase.java INFO  [main] base.TestBase 35 - *********** Initializing **********
12-04-2021 09:57:56 TestBase.java INFO  [main] base.TestBase 37 - Initializing Properties File Object
chrome
https://opensource-demo.orangehrmlive.com/
*************** Setting up Browser ********************
*************** Initializing Browser ********************
Navigated to appurl https://opensource-demo.orangehrmlive.com/
Testcase execution is started ==> HRM_LoginPage_VerifyLoginWithValidCredentials
12-04-2021 09:58:09 LoginPageTestCases.java INFO  [main] base.TestBase 14 - user is on DashboardPage
HRM_LoginPage_VerifyLoginWithValidCredentials
https://opensource-demo.orangehrmlive.com/index.php/dashboard
]]></system-out>
    <system-err><![CDATA[Starting ChromeDriver 95.0.4638.69 (6a1600ed572fedecd573b6c2b90a22fe6392a410-refs/branch-heads/4638@{#984}) on port 29102
Only local connections are allowed.
Please see https://chromedriver.chromium.org/security-considerations for suggestions on keeping ChromeDriver safe.
ChromeDriver was started successfully.
[1638592079.441][WARNING]: This version of ChromeDriver has not been tested with Chrome version 96.
Dec 04, 2021 9:57:59 AM org.openqa.selenium.remote.ProtocolHandshake createSession
INFO: Detected dialect: W3C
]]></system-err>
  </testcase>
  <testcase name="verifySystemUsersPage" classname="testcases.SystemUsersTestCases" time="1.672">
    <system-out><![CDATA[Successfully Loggedout from the application
******************** CLOSING THE BROWSER **************
12-04-2021 09:58:11 TestBase.java INFO  [main] base.TestBase 35 - *********** Initializing **********
12-04-2021 09:58:11 TestBase.java INFO  [main] base.TestBase 37 - Initializing Properties File Object
chrome
https://opensource-demo.orangehrmlive.com/
*************** Setting up Browser ********************
*************** Initializing Browser ********************
Navigated to appurl https://opensource-demo.orangehrmlive.com/
Testcase execution is started ==> verifySystemUsersPage
12-04-2021 09:58:24 SystemUsersTestCases.java INFO  [main] base.TestBase 14 - User is on System Users page
Testcase execustion passed ==> verifySystemUsersPage
]]></system-out>
    <system-err><![CDATA[Starting ChromeDriver 95.0.4638.69 (6a1600ed572fedecd573b6c2b90a22fe6392a410-refs/branch-heads/4638@{#984}) on port 35489
Only local connections are allowed.
Please see https://chromedriver.chromium.org/security-considerations for suggestions on keeping ChromeDriver safe.
ChromeDriver was started successfully.
[1638592093.597][WARNING]: This version of ChromeDriver has not been tested with Chrome version 96.
Dec 04, 2021 9:58:14 AM org.openqa.selenium.remote.ProtocolHandshake createSession
INFO: Detected dialect: W3C
]]></system-err>
  </testcase>
</testsuite>